<?xml version='1.0'?>
<ns2:test-suite xmlns:ns2='urn:model.allure.qatools.yandex.ru' start='1662398488917' stop='1662398497502'>
    <name>Login</name>
    <title>Login</title>
    <test-cases>
        <test-case start='1662398488938' status='passed' stop='1662398493775'>
            <name>Verify login fields are enabled by default</name>
            <title>Verify login fields are enabled by default</title>
            <labels>
                <label name='language' value='javascript'/>
                <label name='framework' value='wdio'/>
                <label name='thread' value='0-0'/>
            </labels>
            <parameters>
                <parameter kind='argument' name='browser' value='Chrome-105.0.0.0'/>
            </parameters>
            <steps>
                <step start='1662398488942' status='passed' stop='1662398493716'>
                    <name>Given I am on facebook landing page</name>
                    <title>Given I am on facebook landing page</title>
                    <attachments/>
                    <steps/>
                </step>
                <step start='1662398493716' status='passed' stop='1662398493745'>
                    <name>Then I verify login username field is enabled</name>
                    <title>Then I verify login username field is enabled</title>
                    <attachments/>
                    <steps/>
                </step>
                <step start='1662398493745' status='passed' stop='1662398493758'>
                    <name>And I verify login password field is enabled</name>
                    <title>And I verify login password field is enabled</title>
                    <attachments/>
                    <steps/>
                </step>
                <step start='1662398493758' status='passed' stop='1662398493773'>
                    <name>And I verify login button field is enabled</name>
                    <title>And I verify login button field is enabled</title>
                    <attachments/>
                    <steps/>
                </step>
            </steps>
            <attachments/>
        </test-case>
        <test-case start='1662398493775' status='broken' stop='1662398497502'>
            <name>Verify user gets error for invalid credentials</name>
            <title>Verify user gets error for invalid credentials</title>
            <labels>
                <label name='language' value='javascript'/>
                <label name='framework' value='wdio'/>
                <label name='thread' value='0-0'/>
            </labels>
            <parameters>
                <parameter kind='argument' name='browser' value='Chrome-105.0.0.0'/>
            </parameters>
            <steps>
                <step start='1662398493776' status='passed' stop='1662398497125'>
                    <name>Given I am on facebook landing page</name>
                    <title>Given I am on facebook landing page</title>
                    <attachments/>
                    <steps/>
                </step>
                <step start='1662398497126' status='passed' stop='1662398497270'>
                    <name>When I enter "@%$^^^" as username</name>
                    <title>When I enter "@%$^^^" as username</title>
                    <attachments/>
                    <steps/>
                </step>
                <step start='1662398497270' status='passed' stop='1662398497377'>
                    <name>And I enter "invalid pwd" as password</name>
                    <title>And I enter "invalid pwd" as password</title>
                    <attachments/>
                    <steps/>
                </step>
                <step start='1662398497377' status='passed' stop='1662398497465'>
                    <name>And I click login button</name>
                    <title>And I click login button</title>
                    <attachments/>
                    <steps/>
                </step>
                <step start='1662398497465' status='broken' stop='1662398497502'>
                    <name>Then I verify error is displayed</name>
                    <title>Then I verify error is displayed</title>
                    <attachments/>
                    <steps/>
                </step>
            </steps>
            <attachments/>
            <failure>
                <message>Evaluation failed: DOMException: Failed to execute 'querySelector' on 'Document': 'div[contains(text(), "The email or mobile")]' is not a valid selector.</message>
                <stack-trace>Evaluation failed: DOMException: Failed to execute 'querySelector' on 'Document': 'div[contains(text(), "The email or mobile")]' is not a valid selector.
                    at __puppeteer_evaluation_script__:1:33
                Error: Evaluation failed: DOMException: Failed to execute 'querySelector' on 'Document': 'div[contains(text(), "The email or mobile")]' is not a valid selector.
                    at __puppeteer_evaluation_script__:1:33
                    at ExecutionContext._evaluateInternal (/Users/chowdhuryroza/Documents/git/Js-Summer-Cucumber-2022/node_modules/puppeteer-core/lib/cjs/puppeteer/common/ExecutionContext.js:221:19)
                    at process.processTicksAndRejections (node:internal/process/task_queues:95:5)
                    at async ElementHandle.evaluateHandle (/Users/chowdhuryroza/Documents/git/Js-Summer-Cucumber-2022/node_modules/puppeteer-core/lib/cjs/puppeteer/common/JSHandle.js:125:16)
                    at async internalHandler.queryOne (/Users/chowdhuryroza/Documents/git/Js-Summer-Cucumber-2022/node_modules/puppeteer-core/lib/cjs/puppeteer/common/QueryHandler.js:24:30)
                    at async DOMWorld.$ (/Users/chowdhuryroza/Documents/git/Js-Summer-Cucumber-2022/node_modules/puppeteer-core/lib/cjs/puppeteer/common/DOMWorld.js:101:23)
                    at async DevToolsDriver.findElement (/Users/chowdhuryroza/Documents/git/Js-Summer-Cucumber-2022/node_modules/devtools/build/utils.js:87:15)
                    at async Browser.wrappedCommand (/Users/chowdhuryroza/Documents/git/Js-Summer-Cucumber-2022/node_modules/devtools/build/devtoolsdriver.js:128:26)</stack-trace>
            </failure>
        </test-case>
    </test-cases>
</ns2:test-suite>